This is pdfTeX, Version 3.141592653-2.6-1.40.25 (MiKTeX 23.10) (preloaded format=pdflatex 2023.10.20)  1 SEP 2024 05:57
entering extended mode
 restricted \write18 enabled.
 file:line:error style messages enabled.
 %&-line parsing enabled.
**"c:/Users/James Hocking/OneDrive - The University of Sydney (Students)/SUMO 2
022-2023/Constitution/Sydney-University-Mechatronics-Organisation-Constitution/
main.tex"

(c:/Users/James Hocking/OneDrive - The University of Sydney (Students)/SUMO 202
2-2023/Constitution/Sydney-University-Mechatronics-Organisation-Constitution/ma
in.tex
LaTeX2e <2023-06-01> patch level 1
L3 programming layer <2023-08-29>

(C:\Users\James Hocking\AppData\Local\Programs\MiKTeX\tex/latex/base\article.cl
s
Document Class: article 2023/05/17 v1.4n Standard LaTeX document class

(C:\Users\James Hocking\AppData\Local\Programs\MiKTeX\tex/latex/base\size11.clo
File: size11.clo 2023/05/17 v1.4n Standard LaTeX file (size option)
)
\c@part=\count185
\c@section=\count186
\c@subsection=\count187
\c@subsubsection=\count188
\c@paragraph=\count189
\c@subparagraph=\count190
\c@figure=\count191
\c@table=\count192
\abovecaptionskip=\skip48
\belowcaptionskip=\skip49
\bibindent=\dimen140
)
(C:\Users\James Hocking\AppData\Local\Programs\MiKTeX\tex/latex/geometry\geomet
ry.sty
Package: geometry 2020/01/02 v5.9 Page Geometry

(C:\Users\James Hocking\AppData\Local\Programs\MiKTeX\tex/latex/graphics\keyval
.sty
Package: keyval 2022/05/29 v1.15 key=value parser (DPC)
\KV@toks@=\toks17
)
(C:\Users\James Hocking\AppData\Local\Programs\MiKTeX\tex/generic/iftex\ifvtex.
sty
Package: ifvtex 2019/10/25 v1.7 ifvtex legacy package. Use iftex instead.

(C:\Users\James Hocking\AppData\Local\Programs\MiKTeX\tex/generic/iftex\iftex.s
ty
Package: iftex 2022/02/03 v1.0f TeX engine tests
))
\Gm@cnth=\count193
\Gm@cntv=\count194
\c@Gm@tempcnt=\count195
\Gm@bindingoffset=\dimen141
\Gm@wd@mp=\dimen142
\Gm@odd@mp=\dimen143
\Gm@even@mp=\dimen144
\Gm@layoutwidth=\dimen145
\Gm@layoutheight=\dimen146
\Gm@layouthoffset=\dimen147
\Gm@layoutvoffset=\dimen148
\Gm@dimlist=\toks18

(C:\Users\James Hocking\AppData\Local\Programs\MiKTeX\tex/latex/geometry\geomet
ry.cfg))
(C:\Users\James Hocking\AppData\Local\Programs\MiKTeX\tex/latex/tools\enumerate
.sty
Package: enumerate 2015/07/23 v3.00 enumerate extensions (DPC)
\@enLab=\toks19
)
(C:\Users\James Hocking\AppData\Local\Programs\MiKTeX\tex/latex/pdfpages\pdfpag
es.sty
Package: pdfpages 2022/12/19 v0.5x Insert pages of external PDF documents (AM)

(C:\Users\James Hocking\AppData\Local\Programs\MiKTeX\tex/latex/base\ifthen.sty
Package: ifthen 2022/04/13 v1.1d Standard LaTeX ifthen package (DPC)
)
(C:\Users\James Hocking\AppData\Local\Programs\MiKTeX\tex/latex/tools\calc.sty
Package: calc 2017/05/25 v4.3 Infix arithmetic (KKT,FJ)
\calc@Acount=\count196
\calc@Bcount=\count197
\calc@Adimen=\dimen149
\calc@Bdimen=\dimen150
\calc@Askip=\skip50
\calc@Bskip=\skip51
LaTeX Info: Redefining \setlength on input line 80.
LaTeX Info: Redefining \addtolength on input line 81.
\calc@Ccount=\count198
\calc@Cskip=\skip52
)
(C:\Users\James Hocking\AppData\Local\Programs\MiKTeX\tex/latex/eso-pic\eso-pic
.sty
Package: eso-pic 2023/05/03 v3.0c eso-pic (RN)
\ESO@tempdima=\dimen151
\ESO@tempdimb=\dimen152

(C:\Users\James Hocking\AppData\Local\Programs\MiKTeX\tex/latex/xcolor\xcolor.s
ty
Package: xcolor 2022/06/12 v2.14 LaTeX color extensions (UK)

(C:\Users\James Hocking\AppData\Local\Programs\MiKTeX\tex/latex/graphics-cfg\co
lor.cfg
File: color.cfg 2016/01/02 v1.6 sample color configuration
)
Package xcolor Info: Driver file: pdftex.def on input line 227.

(C:\Users\James Hocking\AppData\Local\Programs\MiKTeX\tex/latex/graphics-def\pd
ftex.def
File: pdftex.def 2022/09/22 v1.2b Graphics/color driver for pdftex
)
(C:\Users\James Hocking\AppData\Local\Programs\MiKTeX\tex/latex/graphics\mathco
lor.ltx)
Package xcolor Info: Model `cmy' substituted by `cmy0' on input line 1353.
Package xcolor Info: Model `hsb' substituted by `rgb' on input line 1357.
Package xcolor Info: Model `RGB' extended on input line 1369.
Package xcolor Info: Model `HTML' substituted by `rgb' on input line 1371.
Package xcolor Info: Model `Hsb' substituted by `hsb' on input line 1372.
Package xcolor Info: Model `tHsb' substituted by `hsb' on input line 1373.
Package xcolor Info: Model `HSB' substituted by `hsb' on input line 1374.
Package xcolor Info: Model `Gray' substituted by `gray' on input line 1375.
Package xcolor Info: Model `wave' substituted by `hsb' on input line 1376.
))
(C:\Users\James Hocking\AppData\Local\Programs\MiKTeX\tex/latex/graphics\graphi
cx.sty
Package: graphicx 2021/09/16 v1.2d Enhanced LaTeX Graphics (DPC,SPQR)

(C:\Users\James Hocking\AppData\Local\Programs\MiKTeX\tex/latex/graphics\graphi
cs.sty
Package: graphics 2022/03/10 v1.4e Standard LaTeX Graphics (DPC,SPQR)

(C:\Users\James Hocking\AppData\Local\Programs\MiKTeX\tex/latex/graphics\trig.s
ty
Package: trig 2021/08/11 v1.11 sin cos tan (DPC)
)
(C:\Users\James Hocking\AppData\Local\Programs\MiKTeX\tex/latex/graphics-cfg\gr
aphics.cfg
File: graphics.cfg 2016/06/04 v1.11 sample graphics configuration
)
Package graphics Info: Driver file: pdftex.def on input line 107.
)
\Gin@req@height=\dimen153
\Gin@req@width=\dimen154
)
\AM@pagewidth=\dimen155
\AM@pageheight=\dimen156
\AM@fboxrule=\dimen157

(C:\Users\James Hocking\AppData\Local\Programs\MiKTeX\tex/latex/pdfpages\pppdft
ex.def
File: pppdftex.def 2022/12/19 v0.5x Pdfpages driver for pdfTeX (AM)
)
\pdfpages@includegraphics@status=\count199
\AM@pagebox=\box51
\AM@global@opts=\toks20
\AM@pagecnt=\count266
\AM@toc@title=\toks21
\AM@lof@heading=\toks22
\c@AM@survey=\count267
\AM@templatesizebox=\box52
)
(C:\Users\James Hocking\AppData\Local\Programs\MiKTeX\tex/latex/sectsty\sectsty
.sty
Package: sectsty 2002/02/25 v2.0.2 Commands to change all sectional heading sty
les


LaTeX Warning: Command \underbar  has changed.
               Check if current package is valid.


LaTeX Warning: Command \underline  has changed.
               Check if current package is valid.

)
(C:\Users\James Hocking\AppData\Local\Programs\MiKTeX\tex/latex/l3backend\l3bac
kend-pdftex.def
File: l3backend-pdftex.def 2023-04-19 L3 backend support: PDF output (pdfTeX)
\l__color_backend_stack_int=\count268
\l__pdf_internal_box=\box53
) (main.aux)
\openout1 = `main.aux'.

LaTeX Font Info:    Checking defaults for OML/cmm/m/it on input line 14.
LaTeX Font Info:    ... okay on input line 14.
LaTeX Font Info:    Checking defaults for OMS/cmsy/m/n on input line 14.
LaTeX Font Info:    ... okay on input line 14.
LaTeX Font Info:    Checking defaults for OT1/cmr/m/n on input line 14.
LaTeX Font Info:    ... okay on input line 14.
LaTeX Font Info:    Checking defaults for T1/cmr/m/n on input line 14.
LaTeX Font Info:    ... okay on input line 14.
LaTeX Font Info:    Checking defaults for TS1/cmr/m/n on input line 14.
LaTeX Font Info:    ... okay on input line 14.
LaTeX Font Info:    Checking defaults for OMX/cmex/m/n on input line 14.
LaTeX Font Info:    ... okay on input line 14.
LaTeX Font Info:    Checking defaults for U/cmr/m/n on input line 14.
LaTeX Font Info:    ... okay on input line 14.

*geometry* driver: auto-detecting
*geometry* detected driver: pdftex
*geometry* verbose mode - [ preamble ] result:
* driver: pdftex
* paper: a4paper
* layout: <same size as paper>
* layoutoffset:(h,v)=(0.0pt,0.0pt)
* modes: 
* h-part:(L,W,R)=(56.9055pt, 483.69687pt, 56.9055pt)
* v-part:(T,H,B)=(85.35826pt, 702.78308pt, 56.9055pt)
* \paperwidth=597.50787pt
* \paperheight=845.04684pt
* \textwidth=483.69687pt
* \textheight=702.78308pt
* \oddsidemargin=-15.36449pt
* \evensidemargin=-15.36449pt
* \topmargin=-23.91173pt
* \headheight=12.0pt
* \headsep=25.0pt
* \topskip=11.0pt
* \footskip=30.0pt
* \marginparwidth=49.79231pt
* \marginparsep=10.0pt
* \columnsep=10.0pt
* \skip\footins=10.0pt plus 4.0pt minus 2.0pt
* \hoffset=0.0pt
* \voffset=0.0pt
* \mag=1000
* \@twocolumnfalse
* \@twosidefalse
* \@mparswitchfalse
* \@reversemarginfalse
* (1in=72.27pt=25.4mm, 1cm=28.453pt)


(C:\Users\James Hocking\AppData\Local\Programs\MiKTeX\tex/context/base/mkii\sup
p-pdf.mkii
[Loading MPS to PDF converter (version 2006.09.02).]
\scratchcounter=\count269
\scratchdimen=\dimen158
\scratchbox=\box54
\nofMPsegments=\count270
\nofMParguments=\count271
\everyMPshowfont=\toks23
\MPscratchCnt=\count272
\MPscratchDim=\dimen159
\MPnumerator=\count273
\makeMPintoPDFobject=\count274
\everyMPtoPDFconversion=\toks24
)
(C:\Users\James Hocking\AppData\Local\Programs\MiKTeX\tex/latex/epstopdf-pkg\ep
stopdf-base.sty
Package: epstopdf-base 2020-01-24 v2.11 Base part for package epstopdf
Package epstopdf-base Info: Redefining graphics rule for `.eps' on input line 4
85.

(C:\Users\James Hocking\AppData\Local\Programs\MiKTeX\tex/latex/00miktex\epstop
df-sys.cfg
File: epstopdf-sys.cfg 2021/03/18 v2.0 Configuration of epstopdf for MiKTeX
))
(C:\Users\James Hocking\AppData\Local\Programs\MiKTeX\tex/latex/pdflscape\pdfls
cape.sty
Package: pdflscape 2022-10-27 v0.13 Display of landscape pages in PDF

(C:\Users\James Hocking\AppData\Local\Programs\MiKTeX\tex/latex/pdflscape\pdfls
cape-nometadata.sty
Package: pdflscape-nometadata 2022-10-28 v0.13 Display of landscape pages in PD
F (HO)

(C:\Users\James Hocking\AppData\Local\Programs\MiKTeX\tex/latex/graphics\lscape
.sty
Package: lscape 2020/05/28 v3.02 Landscape Pages (DPC)
)
Package pdflscape Info: Auto-detected driver: pdftex on input line 81.
))
<resources/cover.pdf, id=1, 597.73312pt x 845.40843pt>
File: resources/cover.pdf Graphic file (type pdf)
<use resources/cover.pdf>
Package pdftex.def Info: resources/cover.pdf  used on input line 17.
(pdftex.def)             Requested size: 597.73166pt x 845.40636pt.
File: resources/cover.pdf Graphic file (type pdf)
<use resources/cover.pdf>
Package pdftex.def Info: resources/cover.pdf  used on input line 17.
(pdftex.def)             Requested size: 597.73166pt x 845.40636pt.
<resources/cover.pdf, id=4, page=1, 597.73312pt x 845.40843pt>
File: resources/cover.pdf Graphic file (type pdf)
<use resources/cover.pdf, page 1>
Package pdftex.def Info: resources/cover.pdf , page1 used on input line 17.
(pdftex.def)             Requested size: 597.73166pt x 845.40636pt.
File: resources/cover.pdf Graphic file (type pdf)
<use resources/cover.pdf, page 1>
Package pdftex.def Info: resources/cover.pdf , page1 used on input line 17.
(pdftex.def)             Requested size: 598.01439pt x 845.80624pt.
File: resources/cover.pdf Graphic file (type pdf)
<use resources/cover.pdf, page 1>
Package pdftex.def Info: resources/cover.pdf , page1 used on input line 17.
(pdftex.def)             Requested size: 598.01439pt x 845.80624pt.
File: resources/cover.pdf Graphic file (type pdf)
<use resources/cover.pdf, page 1>
Package pdftex.def Info: resources/cover.pdf , page1 used on input line 17.
(pdftex.def)             Requested size: 598.01439pt x 845.80624pt.
File: resources/cover.pdf Graphic file (type pdf)
<use resources/cover.pdf, page 1>
Package pdftex.def Info: resources/cover.pdf , page1 used on input line 17.
(pdftex.def)             Requested size: 598.01439pt x 845.80624pt.
 [1

 <./resources/cover.pdf>] (main.toc)
\tf@toc=\write3
\openout3 = `main.toc'.

 [2{C:/Users/James Hocking/AppData/Local/MiKTeX/fonts/map/pdftex/pdftex.map}]

LaTeX Warning: The counter will not be printed.
             The label is: \hspace {5mm}\thesection .\theenumi .\arabic {enumii
} on input line 35.


LaTeX Warning: The counter will not be printed.
             The label is: \hspace {5mm}\thesection .\theenumi .\arabic {enumii
} on input line 42.


LaTeX Warning: The counter will not be printed.
             The label is: \hspace {5mm}\thesection .\theenumi .\arabic {enumii
} on input line 55.


LaTeX Warning: The counter will not be printed.
             The label is: \hspace {5mm}\thesection .\theenumi .\arabic {enumii
} on input line 61.


LaTeX Warning: The counter will not be printed.
             The label is: \hspace {5mm}\thesection .\theenumi .\arabic {enumii
} on input line 72.

[3{C:/Users/James Hocking/AppData/Local/Programs/MiKTeX/fonts/enc/dvips/cm-supe
r/cm-super-ts1.enc}]

LaTeX Warning: The counter will not be printed.
             The label is: \hspace {5mm}\thesection .\theenumi .\arabic {enumii
} on input line 95.


LaTeX Warning: The counter will not be printed.
             The label is: \hspace {5mm}\thesection .\theenumi .\arabic {enumii
} on input line 103.


LaTeX Warning: The counter will not be printed.
             The label is: \hspace {5mm}\thesection .\theenumi .\arabic {enumii
} on input line 108.


LaTeX Warning: The counter will not be printed.
             The label is: \hspace {5mm}\thesection .\theenumi .\arabic {enumii
} on input line 117.

[4]
LaTeX Font Info:    External font `cmex10' loaded for size
(Font)              <10.95> on input line 126.
LaTeX Font Info:    External font `cmex10' loaded for size
(Font)              <8> on input line 126.
LaTeX Font Info:    External font `cmex10' loaded for size
(Font)              <6> on input line 126.


LaTeX Warning: The counter will not be printed.
             The label is: \hspace {5mm}\thesection .\theenumi .\arabic {enumii
} on input line 127.


LaTeX Warning: The counter will not be printed.
             The label is: \hspace {5mm}\thesection .\theenumi .\arabic {enumii
} on input line 132.


LaTeX Warning: The counter will not be printed.
             The label is: \hspace {5mm}\thesection .\theenumi .\arabic {enumii
} on input line 139.


LaTeX Warning: The counter will not be printed.
             The label is: \hspace {5mm}\thesection .\theenumi .\arabic {enumii
} on input line 144.


LaTeX Warning: The counter will not be printed.
             The label is: \hspace {5mm}\thesection .\theenumi .\arabic {enumii
} on input line 150.


LaTeX Warning: The counter will not be printed.
             The label is: \hspace {5mm}\thesection .\theenumi .\arabic {enumii
} on input line 155.

[5]

LaTeX Warning: The counter will not be printed.
             The label is: \hspace {5mm}\thesection .\theenumi .\arabic {enumii
} on input line 178.

[6]

LaTeX Warning: The counter will not be printed.
             The label is: \hspace {5mm}\thesection .\theenumi .\arabic {enumii
} on input line 207.

[7] [8] [9] [10] (main.aux)
 ***********
LaTeX2e <2023-06-01> patch level 1
L3 programming layer <2023-08-29>
 ***********
 ) 
Here is how much of TeX's memory you used:
 3390 strings out of 475248
 56597 string characters out of 5754000
 1930785 words of memory out of 5000000
 24888 multiletter control sequences out of 15000+600000
 562408 words of font info for 50 fonts, out of 8000000 for 9000
 1141 hyphenation exceptions out of 8191
 72i,17n,79p,871b,433s stack positions out of 10000i,1000n,20000p,200000b,200000s
<C:/Users/James Hocking/AppData/Local/Programs/MiKTeX/fonts/type1/public/amsf
onts/cm/cmbx10.pfb><C:/Users/James Hocking/AppData/Local/Programs/MiKTeX/fonts/
type1/public/amsfonts/cm/cmbx12.pfb><C:/Users/James Hocking/AppData/Local/Progr
ams/MiKTeX/fonts/type1/public/amsfonts/cm/cmr10.pfb><C:/Users/James Hocking/App
Data/Local/Programs/MiKTeX/fonts/type1/public/amsfonts/cm/cmr8.pfb><C:/Users/Ja
mes Hocking/AppData/Local/Programs/MiKTeX/fonts/type1/public/amsfonts/cm/cmti10
.pfb><C:/Users/James Hocking/AppData/Local/Programs/MiKTeX/fonts/type1/public/c
m-super/sfrm1095.pfb>
Output written on main.pdf (10 pages, 272582 bytes).
PDF statistics:
 90 PDF objects out of 1000 (max. 8388607)
 0 named destinations out of 1000 (max. 500000)
 21 words of extra memory for PDF output out of 10000 (max. 10000000)

